<?xml version="1.0" encoding="UTF-8"?>
<!-- Generated by org.testng.reporters.JUnitReportReporter -->
<testsuite skipped="0" hostname="88LB0Z2" name="com.CucumberCraft.supportLibraries.MyUnbreakableTest" tests="1" failures="0" timestamp="17 Dec 2020 16:50:21 GMT" time="6.580" errors="1">
  <testcase name="check_order" time="6.580" classname="com.CucumberCraft.supportLibraries.MyUnbreakableTest">
    <error type="java.lang.NoSuchMethodError" message="org.apache.commons.io.IOUtils.readLines(Ljava/io/InputStream;Ljava/nio/charset/Charset;)Ljava/util/List;">
      <![CDATA[java.lang.NoSuchMethodError: org.apache.commons.io.IOUtils.readLines(Ljava/io/InputStream;Ljava/nio/charset/Charset;)Ljava/util/List;
	at de.retest.web.RecheckSeleniumAdapter.getQueryJS(RecheckSeleniumAdapter.java:193)
	at de.retest.web.RecheckSeleniumAdapter.convert(RecheckSeleniumAdapter.java:164)
	at de.retest.web.RecheckSeleniumAdapter.convertWebDriver(RecheckSeleniumAdapter.java:152)
	at de.retest.web.RecheckSeleniumAdapter.convert(RecheckSeleniumAdapter.java:107)
	at de.retest.recheck.persistence.RecheckSutState.convert(RecheckSutState.java:24)
	at de.retest.recheck.RecheckImpl.createActionReplayResult(RecheckImpl.java:128)
	at de.retest.recheck.RecheckImpl.check(RecheckImpl.java:117)
	at de.retest.web.RecheckWebImpl.check(RecheckWebImpl.java:36)
	at de.retest.recheck.RecheckImpl.check(RecheckImpl.java:107)
	at de.retest.web.RecheckWebImpl.check(RecheckWebImpl.java:42)
	at de.retest.web.selenium.AutocheckingRecheckDriver.check(AutocheckingRecheckDriver.java:140)
	at de.retest.web.selenium.AutocheckingRecheckDriver.get(AutocheckingRecheckDriver.java:96)
	at com.CucumberCraft.supportLibraries.MyUnbreakableTest.check_order(MyUnbreakableTest.java:31)
	at sun.reflect.NativeMethodAccessorImpl.invoke0(Native Method)
	at sun.reflect.NativeMethodAccessorImpl.invoke(Unknown Source)
	at sun.reflect.DelegatingMethodAccessorImpl.invoke(Unknown Source)
	at java.lang.reflect.Method.invoke(Unknown Source)
	at org.testng.internal.MethodInvocationHelper.invokeMethod(MethodInvocationHelper.java:108)
	at org.testng.internal.Invoker.invokeMethod(Invoker.java:661)
	at org.testng.internal.Invoker.invokeTestMethod(Invoker.java:869)
	at org.testng.internal.Invoker.invokeTestMethods(Invoker.java:1193)
	at org.testng.internal.TestMethodWorker.invokeTestMethods(TestMethodWorker.java:126)
	at org.testng.internal.TestMethodWorker.run(TestMethodWorker.java:109)
	at org.testng.TestRunner.privateRun(TestRunner.java:744)
	at org.testng.TestRunner.run(TestRunner.java:602)
	at org.testng.SuiteRunner.runTest(SuiteRunner.java:380)
	at org.testng.SuiteRunner.runSequentially(SuiteRunner.java:375)
	at org.testng.SuiteRunner.privateRun(SuiteRunner.java:340)
	at org.testng.SuiteRunner.run(SuiteRunner.java:289)
	at org.testng.SuiteRunnerWorker.runSuite(SuiteRunnerWorker.java:52)
	at org.testng.SuiteRunnerWorker.run(SuiteRunnerWorker.java:86)
	at org.testng.TestNG.runSuitesSequentially(TestNG.java:1301)
	at org.testng.TestNG.runSuitesLocally(TestNG.java:1226)
	at org.testng.TestNG.runSuites(TestNG.java:1144)
	at org.testng.TestNG.run(TestNG.java:1115)
	at org.testng.remote.AbstractRemoteTestNG.run(AbstractRemoteTestNG.java:115)
	at org.testng.remote.RemoteTestNG.initAndRun(RemoteTestNG.java:251)
	at org.testng.remote.RemoteTestNG.main(RemoteTestNG.java:77)
]]>
    </error>
  </testcase> <!-- check_order -->
</testsuite> <!-- com.CucumberCraft.supportLibraries.MyUnbreakableTest -->
